Library/Bee/Android/Prj/Mono2x/Gradle/launcher/build/intermediates/manifest_merge_blame_file/release/manifest-merger-blame-release-report.txt
1<?xml version="1.0" encoding="utf-8"?>
2<manifest xmlns:android="http://schemas.android.com/apk/res/android"
3    package="com.DefaultCompany.Socialcasino"
4    android:installLocation="preferExternal"
5    android:versionCode="1"
6    android:versionName="1.0" >
7
8    <uses-sdk
9        android:minSdkVersion="26"
9-->src\main\AndroidManifest.xml
10        android:targetSdkVersion="33" />
10-->src\main\AndroidManifest.xml
11
12    <supports-screens
12-->src\main\AndroidManifest.xml:4:3-163
13        android:anyDensity="true"
13-->src\main\AndroidManifest.xml:4:135-160
14        android:largeScreens="true"
14-->src\main\AndroidManifest.xml:4:78-105
15        android:normalScreens="true"
15-->src\main\AndroidManifest.xml:4:49-77
16        android:smallScreens="true"
16-->src\main\AndroidManifest.xml:4:21-48
17        android:xlargeScreens="true" />
17-->src\main\AndroidManifest.xml:4:106-134
18
19    <uses-permission android:name="android.permission.INTERNET" />
19-->[:unityLibrary] AndroidManifest.xml:10:5-67
19-->[:unityLibrary] AndroidManifest.xml:10:22-64
20    <uses-permission android:name="android.permission.ACCESS_NETWORK_STATE" />
20-->[:unityLibrary] AndroidManifest.xml:11:5-79
20-->[:unityLibrary] AndroidManifest.xml:11:22-76
21
22    <uses-feature android:glEsVersion="0x00030000" />
22-->[:unityLibrary] AndroidManifest.xml:13:5-54
22-->[:unityLibrary] AndroidManifest.xml:13:19-51
23    <uses-feature
23-->[:unityLibrary] AndroidManifest.xml:14:5-16:36
24        android:name="android.hardware.vulkan.version"
24-->[:unityLibrary] AndroidManifest.xml:15:9-55
25        android:required="false" />
25-->[:unityLibrary] AndroidManifest.xml:16:9-33
26    <uses-feature
26-->[:unityLibrary] AndroidManifest.xml:17:5-19:36
27        android:name="android.hardware.touchscreen"
27-->[:unityLibrary] AndroidManifest.xml:18:9-52
28        android:required="false" />
28-->[:unityLibrary] AndroidManifest.xml:19:9-33
29    <uses-feature
29-->[:unityLibrary] AndroidManifest.xml:20:5-22:36
30        android:name="android.hardware.touchscreen.multitouch"
30-->[:unityLibrary] AndroidManifest.xml:21:9-63
31        android:required="false" />
31-->[:unityLibrary] AndroidManifest.xml:22:9-33
32    <uses-feature
32-->[:unityLibrary] AndroidManifest.xml:23:5-25:36
33        android:name="android.hardware.touchscreen.multitouch.distinct"
33-->[:unityLibrary] AndroidManifest.xml:24:9-72
34        android:required="false" />
34-->[:unityLibrary] AndroidManifest.xml:25:9-33
35
36    <uses-permission android:name="android.permission.WAKE_LOCK" />
36-->[:androidx.work.work-runtime-2.7.0:] AndroidManifest.xml:19:3-66
36-->[:androidx.work.work-runtime-2.7.0:] AndroidManifest.xml:19:20-63
37    <uses-permission android:name="android.permission.RECEIVE_BOOT_COMPLETED" />
37-->[:androidx.work.work-runtime-2.7.0:] AndroidManifest.xml:21:3-79
37-->[:androidx.work.work-runtime-2.7.0:] AndroidManifest.xml:21:20-76
38    <uses-permission android:name="android.permission.FOREGROUND_SERVICE" />
38-->[:androidx.work.work-runtime-2.7.0:] AndroidManifest.xml:22:3-75
38-->[:androidx.work.work-runtime-2.7.0:] AndroidManifest.xml:22:20-72
39    <uses-permission android:name="com.google.android.gms.permission.AD_ID" /> <!-- Android package visibility setting -->
39-->[:com.google.android.gms.play-services-measurement-sdk-api-20.1.2:] AndroidManifest.xml:26:5-79
39-->[:com.google.android.gms.play-services-measurement-sdk-api-20.1.2:] AndroidManifest.xml:26:22-76
40    <queries>
40-->[:com.google.android.gms.play-services-ads-lite-21.3.0:] AndroidManifest.xml:24:3-37:13
41
42        <!-- For browser content -->
43        <intent>
43-->[:com.google.android.gms.play-services-ads-lite-21.3.0:] AndroidManifest.xml:26:5-30:14
44            <action android:name="android.intent.action.VIEW" />
44-->[:com.google.android.gms.play-services-ads-lite-21.3.0:] AndroidManifest.xml:27:7-59
44-->[:com.google.android.gms.play-services-ads-lite-21.3.0:] AndroidManifest.xml:27:15-56
45
46            <category android:name="android.intent.category.BROWSABLE" />
46-->[:com.google.android.gms.play-services-ads-lite-21.3.0:] AndroidManifest.xml:28:7-68
46-->[:com.google.android.gms.play-services-ads-lite-21.3.0:] AndroidManifest.xml:28:17-65
47
48            <data android:scheme="https" />
48-->[:com.google.android.gms.play-services-ads-lite-21.3.0:] AndroidManifest.xml:29:7-38
48-->[:com.google.android.gms.play-services-ads-lite-21.3.0:] AndroidManifest.xml:29:13-35
49        </intent>
50        <!-- End of browser content -->
51        <!-- For CustomTabsService -->
52        <intent>
52-->[:com.google.android.gms.play-services-ads-lite-21.3.0:] AndroidManifest.xml:33:5-35:14
53            <action android:name="android.support.customtabs.action.CustomTabsService" />
53-->[:com.google.android.gms.play-services-ads-lite-21.3.0:] AndroidManifest.xml:34:7-84
53-->[:com.google.android.gms.play-services-ads-lite-21.3.0:] AndroidManifest.xml:34:15-81
54        </intent>
55        <!-- End of CustomTabsService -->
56    </queries>
57
58    <application
58-->src\main\AndroidManifest.xml:3:3-83
59        android:appComponentFactory="androidx.core.app.CoreComponentFactory"
59-->[:androidx.core.core-1.6.0:] AndroidManifest.xml:24:18-86
60        android:extractNativeLibs="true"
60-->[:unityLibrary] AndroidManifest.xml:27:18-50
61        android:icon="@mipmap/app_icon"
61-->src\main\AndroidManifest.xml:3:49-80
62        android:label="@string/app_name" >
62-->src\main\AndroidManifest.xml:3:16-48
63        <meta-data
63-->[:unityLibrary] AndroidManifest.xml:28:9-30:33
64            android:name="unity.splash-mode"
64-->[:unityLibrary] AndroidManifest.xml:29:13-45
65            android:value="0" />
65-->[:unityLibrary] AndroidManifest.xml:30:13-30
66        <meta-data
66-->[:unityLibrary] AndroidManifest.xml:31:9-33:36
67            android:name="unity.splash-enable"
67-->[:unityLibrary] AndroidManifest.xml:32:13-47
68            android:value="True" />
68-->[:unityLibrary] AndroidManifest.xml:33:13-33
69        <meta-data
69-->[:unityLibrary] AndroidManifest.xml:34:9-36:36
70            android:name="unity.launch-fullscreen"
70-->[:unityLibrary] AndroidManifest.xml:35:13-51
71            android:value="True" />
71-->[:unityLibrary] AndroidManifest.xml:36:13-33
72        <meta-data
72-->[:unityLibrary] AndroidManifest.xml:37:9-39:37
73            android:name="unity.allow-resizable-window"
73-->[:unityLibrary] AndroidManifest.xml:38:13-56
74            android:value="False" />
74-->[:unityLibrary] AndroidManifest.xml:39:13-34
75        <meta-data
75-->[:unityLibrary] AndroidManifest.xml:40:9-42:50
76            android:name="notch.config"
76-->[:unityLibrary] AndroidManifest.xml:41:13-40
77            android:value="portrait|landscape" />
77-->[:unityLibrary] AndroidManifest.xml:42:13-47
78
79        <activity
79-->[:unityLibrary] AndroidManifest.xml:44:9-65:20
80            android:name="com.unity3d.player.UnityPlayerActivity"
80-->[:unityLibrary] AndroidManifest.xml:45:13-66
81            android:configChanges="mcc|mnc|locale|touchscreen|keyboard|keyboardHidden|navigation|orientation|screenLayout|uiMode|screenSize|smallestScreenSize|fontScale|layoutDirection|density"
81-->[:unityLibrary] AndroidManifest.xml:46:13-194
82            android:exported="true"
82-->[:unityLibrary] AndroidManifest.xml:47:13-36
83            android:hardwareAccelerated="false"
83-->[:unityLibrary] AndroidManifest.xml:48:13-48
84            android:launchMode="singleTask"
84-->[:unityLibrary] AndroidManifest.xml:49:13-44
85            android:resizeableActivity="false"
85-->[:unityLibrary] AndroidManifest.xml:50:13-47
86            android:screenOrientation="fullUser"
86-->[:unityLibrary] AndroidManifest.xml:51:13-49
87            android:theme="@style/UnityThemeSelector" >
87-->[:unityLibrary] AndroidManifest.xml:52:13-54
88            <intent-filter>
88-->[:unityLibrary] AndroidManifest.xml:53:13-57:29
89                <category android:name="android.intent.category.LAUNCHER" />
89-->[:unityLibrary] AndroidManifest.xml:54:17-77
89-->[:unityLibrary] AndroidManifest.xml:54:27-74
90
91                <action android:name="android.intent.action.MAIN" />
91-->[:unityLibrary] AndroidManifest.xml:56:17-69
91-->[:unityLibrary] AndroidManifest.xml:56:25-66
92            </intent-filter>
93
94            <meta-data
94-->[:unityLibrary] AndroidManifest.xml:59:13-61:40
95                android:name="unityplayer.UnityActivity"
95-->[:unityLibrary] AndroidManifest.xml:60:17-57
96                android:value="true" />
96-->[:unityLibrary] AndroidManifest.xml:61:17-37
97            <meta-data
97-->[:unityLibrary] AndroidManifest.xml:62:13-64:40
98                android:name="notch_support"
98-->[:unityLibrary] AndroidManifest.xml:63:17-45
99                android:value="true" />
99-->[:unityLibrary] AndroidManifest.xml:64:17-37
100        </activity>
101        <activity
101-->[:com.google.android.gms.play-services-base-18.0.0:] AndroidManifest.xml:20:9-22:45
102            android:name="com.google.android.gms.common.api.GoogleApiActivity"
102-->[:com.google.android.gms.play-services-base-18.0.0:] AndroidManifest.xml:20:19-85
103            android:exported="false"
103-->[:com.google.android.gms.play-services-base-18.0.0:] AndroidManifest.xml:22:19-43
104            android:theme="@android:style/Theme.Translucent.NoTitleBar" />
104-->[:com.google.android.gms.play-services-base-18.0.0:] AndroidManifest.xml:21:19-78
105
106        <provider
106-->[:androidx.work.work-runtime-2.7.0:] AndroidManifest.xml:24:5-26:16
107            android:name="androidx.startup.InitializationProvider"
107-->[:androidx.work.work-runtime-2.7.0:] AndroidManifest.xml:24:15-69
108            android:authorities="com.DefaultCompany.Socialcasino.androidx-startup"
108-->[:androidx.work.work-runtime-2.7.0:] AndroidManifest.xml:24:70-140
109            android:exported="false" >
109-->[:androidx.work.work-runtime-2.7.0:] AndroidManifest.xml:24:141-165
110            <meta-data
110-->[:androidx.work.work-runtime-2.7.0:] AndroidManifest.xml:25:7-105
111                android:name="androidx.work.WorkManagerInitializer"
111-->[:androidx.work.work-runtime-2.7.0:] AndroidManifest.xml:25:18-69
112                android:value="androidx.startup" />
112-->[:androidx.work.work-runtime-2.7.0:] AndroidManifest.xml:25:70-102
113            <meta-data
113-->[:androidx.lifecycle.lifecycle-process-2.4.1:] AndroidManifest.xml:21:7-115
114                android:name="androidx.lifecycle.ProcessLifecycleInitializer"
114-->[:androidx.lifecycle.lifecycle-process-2.4.1:] AndroidManifest.xml:21:18-79
115                android:value="androidx.startup" />
115-->[:androidx.lifecycle.lifecycle-process-2.4.1:] AndroidManifest.xml:21:80-112
116        </provider>
117
118        <service
118-->[:androidx.work.work-runtime-2.7.0:] AndroidManifest.xml:27:5-229
119            android:name="androidx.work.impl.background.systemalarm.SystemAlarmService"
119-->[:androidx.work.work-runtime-2.7.0:] AndroidManifest.xml:27:14-89
120            android:directBootAware="false"
120-->[:androidx.work.work-runtime-2.7.0:] AndroidManifest.xml:27:90-121
121            android:enabled="@bool/enable_system_alarm_service_default"
121-->[:androidx.work.work-runtime-2.7.0:] AndroidManifest.xml:27:122-181
122            android:exported="false" />
122-->[:androidx.work.work-runtime-2.7.0:] AndroidManifest.xml:27:182-206
123        <service
123-->[:androidx.work.work-runtime-2.7.0:] AndroidManifest.xml:28:5-279
124            android:name="androidx.work.impl.background.systemjob.SystemJobService"
124-->[:androidx.work.work-runtime-2.7.0:] AndroidManifest.xml:28:14-85
125            android:directBootAware="false"
125-->[:androidx.work.work-runtime-2.7.0:] AndroidManifest.xml:28:86-117
126            android:enabled="@bool/enable_system_job_service_default"
126-->[:androidx.work.work-runtime-2.7.0:] AndroidManifest.xml:28:118-175
127            android:exported="true"
127-->[:androidx.work.work-runtime-2.7.0:] AndroidManifest.xml:28:176-199
128            android:permission="android.permission.BIND_JOB_SERVICE" />
128-->[:androidx.work.work-runtime-2.7.0:] AndroidManifest.xml:28:200-256
129        <service
129-->[:androidx.work.work-runtime-2.7.0:] AndroidManifest.xml:29:5-227
130            android:name="androidx.work.impl.foreground.SystemForegroundService"
130-->[:androidx.work.work-runtime-2.7.0:] AndroidManifest.xml:29:14-82
131            android:directBootAware="false"
131-->[:androidx.work.work-runtime-2.7.0:] AndroidManifest.xml:29:83-114
132            android:enabled="@bool/enable_system_foreground_service_default"
132-->[:androidx.work.work-runtime-2.7.0:] AndroidManifest.xml:29:115-179
133            android:exported="false" />
133-->[:androidx.work.work-runtime-2.7.0:] AndroidManifest.xml:29:180-204
134
135        <receiver
135-->[:androidx.work.work-runtime-2.7.0:] AndroidManifest.xml:30:5-193
136            android:name="androidx.work.impl.utils.ForceStopRunnable$BroadcastReceiver"
136-->[:androidx.work.work-runtime-2.7.0:] AndroidManifest.xml:30:15-90
137            android:directBootAware="false"
137-->[:androidx.work.work-runtime-2.7.0:] AndroidManifest.xml:30:91-122
138            android:enabled="true"
138-->[:androidx.work.work-runtime-2.7.0:] AndroidManifest.xml:30:123-145
139            android:exported="false" />
139-->[:androidx.work.work-runtime-2.7.0:] AndroidManifest.xml:30:146-170
140        <receiver
140-->[:androidx.work.work-runtime-2.7.0:] AndroidManifest.xml:31:5-36:16
141            android:name="androidx.work.impl.background.systemalarm.ConstraintProxy$BatteryChargingProxy"
141-->[:androidx.work.work-runtime-2.7.0:] AndroidManifest.xml:31:15-108
142            android:directBootAware="false"
142-->[:androidx.work.work-runtime-2.7.0:] AndroidManifest.xml:31:109-140
143            android:enabled="false"
143-->[:androidx.work.work-runtime-2.7.0:] AndroidManifest.xml:31:141-164
144            android:exported="false" >
144-->[:androidx.work.work-runtime-2.7.0:] AndroidManifest.xml:31:165-189
145            <intent-filter>
145-->[:androidx.work.work-runtime-2.7.0:] AndroidManifest.xml:32:7-35:23
146                <action android:name="android.intent.action.ACTION_POWER_CONNECTED" />
146-->[:androidx.work.work-runtime-2.7.0:] AndroidManifest.xml:33:9-79
146-->[:androidx.work.work-runtime-2.7.0:] AndroidManifest.xml:33:17-76
147                <action android:name="android.intent.action.ACTION_POWER_DISCONNECTED" />
147-->[:androidx.work.work-runtime-2.7.0:] AndroidManifest.xml:34:9-82
147-->[:androidx.work.work-runtime-2.7.0:] AndroidManifest.xml:34:17-79
148            </intent-filter>
149        </receiver>
150        <receiver
150-->[:androidx.work.work-runtime-2.7.0:] AndroidManifest.xml:37:5-42:16
151            android:name="androidx.work.impl.background.systemalarm.ConstraintProxy$BatteryNotLowProxy"
151-->[:androidx.work.work-runtime-2.7.0:] AndroidManifest.xml:37:15-106
152            android:directBootAware="false"
152-->[:androidx.work.work-runtime-2.7.0:] AndroidManifest.xml:37:107-138
153            android:enabled="false"
153-->[:androidx.work.work-runtime-2.7.0:] AndroidManifest.xml:37:139-162
154            android:exported="false" >
154-->[:androidx.work.work-runtime-2.7.0:] AndroidManifest.xml:37:163-187
155            <intent-filter>
155-->[:androidx.work.work-runtime-2.7.0:] AndroidManifest.xml:38:7-41:23
156                <action android:name="android.intent.action.BATTERY_OKAY" />
156-->[:androidx.work.work-runtime-2.7.0:] AndroidManifest.xml:39:9-69
156-->[:androidx.work.work-runtime-2.7.0:] AndroidManifest.xml:39:17-66
157                <action android:name="android.intent.action.BATTERY_LOW" />
157-->[:androidx.work.work-runtime-2.7.0:] AndroidManifest.xml:40:9-68
157-->[:androidx.work.work-runtime-2.7.0:] AndroidManifest.xml:40:17-65
158            </intent-filter>
159        </receiver>
160        <receiver
160-->[:androidx.work.work-runtime-2.7.0:] AndroidManifest.xml:43:5-48:16
161            android:name="androidx.work.impl.background.systemalarm.ConstraintProxy$StorageNotLowProxy"
161-->[:androidx.work.work-runtime-2.7.0:] AndroidManifest.xml:43:15-106
162            android:directBootAware="false"
162-->[:androidx.work.work-runtime-2.7.0:] AndroidManifest.xml:43:107-138
163            android:enabled="false"
163-->[:androidx.work.work-runtime-2.7.0:] AndroidManifest.xml:43:139-162
164            android:exported="false" >
164-->[:androidx.work.work-runtime-2.7.0:] AndroidManifest.xml:43:163-187
165            <intent-filter>
165-->[:androidx.work.work-runtime-2.7.0:] AndroidManifest.xml:44:7-47:23
166                <action android:name="android.intent.action.DEVICE_STORAGE_LOW" />
166-->[:androidx.work.work-runtime-2.7.0:] AndroidManifest.xml:45:9-75
166-->[:androidx.work.work-runtime-2.7.0:] AndroidManifest.xml:45:17-72
167                <action android:name="android.intent.action.DEVICE_STORAGE_OK" />
167-->[:androidx.work.work-runtime-2.7.0:] AndroidManifest.xml:46:9-74
167-->[:androidx.work.work-runtime-2.7.0:] AndroidManifest.xml:46:17-71
168            </intent-filter>
169        </receiver>
170        <receiver
170-->[:androidx.work.work-runtime-2.7.0:] AndroidManifest.xml:49:5-53:16
171            android:name="androidx.work.impl.background.systemalarm.ConstraintProxy$NetworkStateProxy"
171-->[:androidx.work.work-runtime-2.7.0:] AndroidManifest.xml:49:15-105
172            android:directBootAware="false"
172-->[:androidx.work.work-runtime-2.7.0:] AndroidManifest.xml:49:106-137
173            android:enabled="false"
173-->[:androidx.work.work-runtime-2.7.0:] AndroidManifest.xml:49:138-161
174            android:exported="false" >
174-->[:androidx.work.work-runtime-2.7.0:] AndroidManifest.xml:49:162-186
175            <intent-filter>
175-->[:androidx.work.work-runtime-2.7.0:] AndroidManifest.xml:50:7-52:23
176                <action android:name="android.net.conn.CONNECTIVITY_CHANGE" />
176-->[:androidx.work.work-runtime-2.7.0:] AndroidManifest.xml:51:9-71
176-->[:androidx.work.work-runtime-2.7.0:] AndroidManifest.xml:51:17-68
177            </intent-filter>
178        </receiver>
179        <receiver
179-->[:androidx.work.work-runtime-2.7.0:] AndroidManifest.xml:54:5-60:16
180            android:name="androidx.work.impl.background.systemalarm.RescheduleReceiver"
180-->[:androidx.work.work-runtime-2.7.0:] AndroidManifest.xml:54:15-90
181            android:directBootAware="false"
181-->[:androidx.work.work-runtime-2.7.0:] AndroidManifest.xml:54:91-122
182            android:enabled="false"
182-->[:androidx.work.work-runtime-2.7.0:] AndroidManifest.xml:54:123-146
183            android:exported="false" >
183-->[:androidx.work.work-runtime-2.7.0:] AndroidManifest.xml:54:147-171
184            <intent-filter>
184-->[:androidx.work.work-runtime-2.7.0:] AndroidManifest.xml:55:7-59:23
185                <action android:name="android.intent.action.BOOT_COMPLETED" />
185-->[:androidx.work.work-runtime-2.7.0:] AndroidManifest.xml:56:9-71
185-->[:androidx.work.work-runtime-2.7.0:] AndroidManifest.xml:56:17-68
186                <action android:name="android.intent.action.TIME_SET" />
186-->[:androidx.work.work-runtime-2.7.0:] AndroidManifest.xml:57:9-65
186-->[:androidx.work.work-runtime-2.7.0:] AndroidManifest.xml:57:17-62
187                <action android:name="android.intent.action.TIMEZONE_CHANGED" />
187-->[:androidx.work.work-runtime-2.7.0:] AndroidManifest.xml:58:9-73
187-->[:androidx.work.work-runtime-2.7.0:] AndroidManifest.xml:58:17-70
188            </intent-filter>
189        </receiver>
190        <receiver
190-->[:androidx.work.work-runtime-2.7.0:] AndroidManifest.xml:61:5-65:16
191            android:name="androidx.work.impl.background.systemalarm.ConstraintProxyUpdateReceiver"
191-->[:androidx.work.work-runtime-2.7.0:] AndroidManifest.xml:61:15-101
192            android:directBootAware="false"
192-->[:androidx.work.work-runtime-2.7.0:] AndroidManifest.xml:61:102-133
193            android:enabled="@bool/enable_system_alarm_service_default"
193-->[:androidx.work.work-runtime-2.7.0:] AndroidManifest.xml:61:134-193
194            android:exported="false" >
194-->[:androidx.work.work-runtime-2.7.0:] AndroidManifest.xml:61:194-218
195            <intent-filter>
195-->[:androidx.work.work-runtime-2.7.0:] AndroidManifest.xml:62:7-64:23
196                <action android:name="androidx.work.impl.background.systemalarm.UpdateProxies" />
196-->[:androidx.work.work-runtime-2.7.0:] AndroidManifest.xml:63:9-90
196-->[:androidx.work.work-runtime-2.7.0:] AndroidManifest.xml:63:17-87
197            </intent-filter>
198        </receiver>
199        <receiver
199-->[:androidx.work.work-runtime-2.7.0:] AndroidManifest.xml:66:5-70:16
200            android:name="androidx.work.impl.diagnostics.DiagnosticsReceiver"
200-->[:androidx.work.work-runtime-2.7.0:] AndroidManifest.xml:66:15-80
201            android:directBootAware="false"
201-->[:androidx.work.work-runtime-2.7.0:] AndroidManifest.xml:66:81-112
202            android:enabled="true"
202-->[:androidx.work.work-runtime-2.7.0:] AndroidManifest.xml:66:113-135
203            android:exported="true"
203-->[:androidx.work.work-runtime-2.7.0:] AndroidManifest.xml:66:136-159
204            android:permission="android.permission.DUMP" >
204-->[:androidx.work.work-runtime-2.7.0:] AndroidManifest.xml:66:160-204
205            <intent-filter>
205-->[:androidx.work.work-runtime-2.7.0:] AndroidManifest.xml:67:7-69:23
206                <action android:name="androidx.work.diagnostics.REQUEST_DIAGNOSTICS" />
206-->[:androidx.work.work-runtime-2.7.0:] AndroidManifest.xml:68:9-80
206-->[:androidx.work.work-runtime-2.7.0:] AndroidManifest.xml:68:17-77
207            </intent-filter>
208        </receiver>
209
210        <service
210-->[:androidx.room.room-runtime-2.2.5:] AndroidManifest.xml:25:9-28:40
211            android:name="androidx.room.MultiInstanceInvalidationService"
211-->[:androidx.room.room-runtime-2.2.5:] AndroidManifest.xml:26:13-74
212            android:directBootAware="true"
212-->[:androidx.room.room-runtime-2.2.5:] AndroidManifest.xml:27:13-43
213            android:exported="false" />
213-->[:androidx.room.room-runtime-2.2.5:] AndroidManifest.xml:28:13-37
214
215        <activity
215-->[:com.unity3d.ads.unity-ads-4.4.1:] AndroidManifest.xml:14:9-18:74
216            android:name="com.unity3d.services.ads.adunit.AdUnitActivity"
216-->[:com.unity3d.ads.unity-ads-4.4.1:] AndroidManifest.xml:15:13-74
217            android:configChanges="fontScale|keyboard|keyboardHidden|locale|mnc|mcc|navigation|orientation|screenLayout|screenSize|smallestScreenSize|uiMode|touchscreen"
217-->[:com.unity3d.ads.unity-ads-4.4.1:] AndroidManifest.xml:16:13-170
218            android:hardwareAccelerated="true"
218-->[:com.unity3d.ads.unity-ads-4.4.1:] AndroidManifest.xml:17:13-47
219            android:theme="@android:style/Theme.NoTitleBar.Fullscreen" />
219-->[:com.unity3d.ads.unity-ads-4.4.1:] AndroidManifest.xml:18:13-71
220        <activity
220-->[:com.unity3d.ads.unity-ads-4.4.1:] AndroidManifest.xml:19:9-23:86
221            android:name="com.unity3d.services.ads.adunit.AdUnitTransparentActivity"
221-->[:com.unity3d.ads.unity-ads-4.4.1:] AndroidManifest.xml:20:13-85
222            android:configChanges="fontScale|keyboard|keyboardHidden|locale|mnc|mcc|navigation|orientation|screenLayout|screenSize|smallestScreenSize|uiMode|touchscreen"
222-->[:com.unity3d.ads.unity-ads-4.4.1:] AndroidManifest.xml:21:13-170
223            android:hardwareAccelerated="true"
223-->[:com.unity3d.ads.unity-ads-4.4.1:] AndroidManifest.xml:22:13-47
224            android:theme="@android:style/Theme.Translucent.NoTitleBar.Fullscreen" />
224-->[:com.unity3d.ads.unity-ads-4.4.1:] AndroidManifest.xml:23:13-83
225        <activity
225-->[:com.unity3d.ads.unity-ads-4.4.1:] AndroidManifest.xml:24:9-28:86
226            android:name="com.unity3d.services.ads.adunit.AdUnitTransparentSoftwareActivity"
226-->[:com.unity3d.ads.unity-ads-4.4.1:] AndroidManifest.xml:25:13-93
227            android:configChanges="fontScale|keyboard|keyboardHidden|locale|mnc|mcc|navigation|orientation|screenLayout|screenSize|smallestScreenSize|uiMode|touchscreen"
227-->[:com.unity3d.ads.unity-ads-4.4.1:] AndroidManifest.xml:26:13-170
228            android:hardwareAccelerated="false"
228-->[:com.unity3d.ads.unity-ads-4.4.1:] AndroidManifest.xml:27:13-48
229            android:theme="@android:style/Theme.Translucent.NoTitleBar.Fullscreen" />
229-->[:com.unity3d.ads.unity-ads-4.4.1:] AndroidManifest.xml:28:13-83
230        <activity
230-->[:com.unity3d.ads.unity-ads-4.4.1:] AndroidManifest.xml:29:9-33:74
231            android:name="com.unity3d.services.ads.adunit.AdUnitSoftwareActivity"
231-->[:com.unity3d.ads.unity-ads-4.4.1:] AndroidManifest.xml:30:13-82
232            android:configChanges="fontScale|keyboard|keyboardHidden|locale|mnc|mcc|navigation|orientation|screenLayout|screenSize|smallestScreenSize|uiMode|touchscreen"
232-->[:com.unity3d.ads.unity-ads-4.4.1:] AndroidManifest.xml:31:13-170
233            android:hardwareAccelerated="false"
233-->[:com.unity3d.ads.unity-ads-4.4.1:] AndroidManifest.xml:32:13-48
234            android:theme="@android:style/Theme.NoTitleBar.Fullscreen" />
234-->[:com.unity3d.ads.unity-ads-4.4.1:] AndroidManifest.xml:33:13-71
235
236        <meta-data
236-->[:com.google.android.gms.play-services-basement-18.1.0:] AndroidManifest.xml:21:9-23:69
237            android:name="com.google.android.gms.version"
237-->[:com.google.android.gms.play-services-basement-18.1.0:] AndroidManifest.xml:22:13-58
238            android:value="@integer/google_play_services_version" /> <!-- Include the AdActivity and InAppPurchaseActivity configChanges and themes. -->
238-->[:com.google.android.gms.play-services-basement-18.1.0:] AndroidManifest.xml:23:13-66
239        <activity
239-->[:com.google.android.gms.play-services-ads-lite-21.3.0:] AndroidManifest.xml:40:5-254
240            android:name="com.google.android.gms.ads.AdActivity"
240-->[:com.google.android.gms.play-services-ads-lite-21.3.0:] AndroidManifest.xml:40:15-67
241            android:configChanges="keyboard|keyboardHidden|orientation|screenLayout|uiMode|screenSize|smallestScreenSize"
241-->[:com.google.android.gms.play-services-ads-lite-21.3.0:] AndroidManifest.xml:40:68-177
242            android:exported="false"
242-->[:com.google.android.gms.play-services-ads-lite-21.3.0:] AndroidManifest.xml:40:178-202
243            android:hardwareAccelerated="true"
243-->[:com.ironsource.adapters.admobadapter-4.3.33:] AndroidManifest.xml:18:13-47
244            android:theme="@android:style/Theme.Translucent" />
244-->[:com.google.android.gms.play-services-ads-lite-21.3.0:] AndroidManifest.xml:40:203-251
245
246        <provider
246-->[:com.google.android.gms.play-services-ads-lite-21.3.0:] AndroidManifest.xml:41:5-206
247            android:name="com.google.android.gms.ads.MobileAdsInitProvider"
247-->[:com.google.android.gms.play-services-ads-lite-21.3.0:] AndroidManifest.xml:41:15-78
248            android:authorities="com.DefaultCompany.Socialcasino.mobileadsinitprovider"
248-->[:com.google.android.gms.play-services-ads-lite-21.3.0:] AndroidManifest.xml:41:79-154
249            android:exported="false"
249-->[:com.google.android.gms.play-services-ads-lite-21.3.0:] AndroidManifest.xml:41:155-179
250            android:initOrder="100" />
250-->[:com.google.android.gms.play-services-ads-lite-21.3.0:] AndroidManifest.xml:41:180-203
251
252        <service
252-->[:com.google.android.gms.play-services-ads-lite-21.3.0:] AndroidManifest.xml:42:5-116
253            android:name="com.google.android.gms.ads.AdService"
253-->[:com.google.android.gms.play-services-ads-lite-21.3.0:] AndroidManifest.xml:42:14-65
254            android:enabled="true"
254-->[:com.google.android.gms.play-services-ads-lite-21.3.0:] AndroidManifest.xml:42:66-88
255            android:exported="false" />
255-->[:com.google.android.gms.play-services-ads-lite-21.3.0:] AndroidManifest.xml:42:89-113
256
257        <meta-data
257-->[:com.ironsource.adapters.admobadapter-4.3.33:] AndroidManifest.xml:21:9-23:37
258            android:name="com.google.android.gms.ads.flag.NATIVE_AD_DEBUGGER_ENABLED"
258-->[:com.ironsource.adapters.admobadapter-4.3.33:] AndroidManifest.xml:22:13-86
259            android:value="false" />
259-->[:com.ironsource.adapters.admobadapter-4.3.33:] AndroidManifest.xml:23:13-34
260
261        <activity
261-->[:com.ironsource.sdk.mediationsdk-7.2.6:] AndroidManifest.xml:7:5-163
262            android:name="com.ironsource.sdk.controller.ControllerActivity"
262-->[:com.ironsource.sdk.mediationsdk-7.2.6:] AndroidManifest.xml:7:15-78
263            android:configChanges="orientation|screenSize"
263-->[:com.ironsource.sdk.mediationsdk-7.2.6:] AndroidManifest.xml:7:79-125
264            android:hardwareAccelerated="true" />
264-->[:com.ironsource.sdk.mediationsdk-7.2.6:] AndroidManifest.xml:7:126-160
265        <activity
265-->[:com.ironsource.sdk.mediationsdk-7.2.6:] AndroidManifest.xml:8:5-214
266            android:name="com.ironsource.sdk.controller.InterstitialActivity"
266-->[:com.ironsource.sdk.mediationsdk-7.2.6:] AndroidManifest.xml:8:15-80
267            android:configChanges="orientation|screenSize"
267-->[:com.ironsource.sdk.mediationsdk-7.2.6:] AndroidManifest.xml:8:81-127
268            android:hardwareAccelerated="true"
268-->[:com.ironsource.sdk.mediationsdk-7.2.6:] AndroidManifest.xml:8:128-162
269            android:theme="@android:style/Theme.Translucent" />
269-->[:com.ironsource.sdk.mediationsdk-7.2.6:] AndroidManifest.xml:8:163-211
270        <activity
270-->[:com.ironsource.sdk.mediationsdk-7.2.6:] AndroidManifest.xml:9:5-209
271            android:name="com.ironsource.sdk.controller.OpenUrlActivity"
271-->[:com.ironsource.sdk.mediationsdk-7.2.6:] AndroidManifest.xml:9:15-75